<?xml version="1.0" encoding="UTF-8"?>
<testng-results skipped="0" failed="1" ignored="0" total="1" passed="0">
  <reporter-output>
  </reporter-output>
  <suite name="Default suite" duration-ms="22398" started-at="2019-08-11T13:55:20Z" finished-at="2019-08-11T13:55:42Z">
    <groups>
    </groups>
    <test name="Default test" duration-ms="22398" started-at="2019-08-11T13:55:20Z" finished-at="2019-08-11T13:55:42Z">
      <class name="tests.CreateNewCustomer">
        <test-method status="PASS" signature="classLevelSetup()[pri:0, instance:tests.CreateNewCustomer@271f18d3]" name="classLevelSetup" is-config="true" duration-ms="12769" started-at="2019-08-11T13:55:20Z" finished-at="2019-08-11T13:55:32Z">
          <reporter-output>
          </reporter-output>
        </test-method> <!-- classLevelSetup -->
        <test-method status="PASS" signature="methodLevelSetup()[pri:0, instance:tests.CreateNewCustomer@271f18d3]" name="methodLevelSetup" is-config="true" duration-ms="44" started-at="2019-08-11T13:55:32Z" finished-at="2019-08-11T13:55:32Z">
          <reporter-output>
          </reporter-output>
        </test-method> <!-- methodLevelSetup -->
        <test-method status="FAIL" signature="createNewCustomer()[pri:0, instance:tests.CreateNewCustomer@271f18d3]" name="createNewCustomer" duration-ms="7746" started-at="2019-08-11T13:55:33Z" description="Create a new customer scenario." finished-at="2019-08-11T13:55:40Z">
          <exception class="java.lang.AssertionError">
            <message>
              <![CDATA[expected [Note: Your user name is2 tim1234.] but found [Note: Your user name is tim1234.]]]>
            </message>
            <full-stacktrace>
              <![CDATA[java.lang.AssertionError: expected [Note: Your user name is2 tim1234.] but found [Note: Your user name is tim1234.]
at org.testng.Assert.fail(Assert.java:96)
at org.testng.Assert.failNotEquals(Assert.java:776)
at org.testng.Assert.assertEqualsImpl(Assert.java:137)
at org.testng.Assert.assertEquals(Assert.java:118)
at org.testng.Assert.assertEquals(Assert.java:453)
at org.testng.Assert.assertEquals(Assert.java:463)
at tests.CreateNewCustomer.createNewCustomer(CreateNewCustomer.java:32)
at sun.reflect.NativeMethodAccessorImpl.invoke0(Native Method)
at sun.reflect.NativeMethodAccessorImpl.invoke(NativeMethodAccessorImpl.java:62)
at sun.reflect.DelegatingMethodAccessorImpl.invoke(DelegatingMethodAccessorImpl.java:43)
at java.lang.reflect.Method.invoke(Method.java:498)
at org.testng.internal.MethodInvocationHelper.invokeMethod(MethodInvocationHelper.java:124)
at org.testng.internal.Invoker.invokeMethod(Invoker.java:583)
at org.testng.internal.Invoker.invokeTestMethod(Invoker.java:719)
at org.testng.internal.Invoker.invokeTestMethods(Invoker.java:989)
at org.testng.internal.TestMethodWorker.invokeTestMethods(TestMethodWorker.java:125)
at org.testng.internal.TestMethodWorker.run(TestMethodWorker.java:109)
at org.testng.TestRunner.privateRun(TestRunner.java:648)
at org.testng.TestRunner.run(TestRunner.java:505)
at org.testng.SuiteRunner.runTest(SuiteRunner.java:455)
at org.testng.SuiteRunner.runSequentially(SuiteRunner.java:450)
at org.testng.SuiteRunner.privateRun(SuiteRunner.java:415)
at org.testng.SuiteRunner.run(SuiteRunner.java:364)
at org.testng.SuiteRunnerWorker.runSuite(SuiteRunnerWorker.java:52)
at org.testng.SuiteRunnerWorker.run(SuiteRunnerWorker.java:84)
at org.testng.TestNG.runSuitesSequentially(TestNG.java:1208)
at org.testng.TestNG.runSuitesLocally(TestNG.java:1137)
at org.testng.TestNG.runSuites(TestNG.java:1049)
at org.testng.TestNG.run(TestNG.java:1017)
at org.testng.remote.AbstractRemoteTestNG.run(AbstractRemoteTestNG.java:115)
at org.testng.remote.RemoteTestNG.initAndRun(RemoteTestNG.java:251)
at org.testng.remote.RemoteTestNG.main(RemoteTestNG.java:77)
]]>
            </full-stacktrace>
          </exception> <!-- java.lang.AssertionError -->
          <reporter-output>
          </reporter-output>
        </test-method> <!-- createNewCustomer -->
        <test-method status="PASS" signature="teardown()[pri:0, instance:tests.CreateNewCustomer@271f18d3]" name="teardown" is-config="true" duration-ms="885" started-at="2019-08-11T13:55:41Z" finished-at="2019-08-11T13:55:42Z">
          <reporter-output>
          </reporter-output>
        </test-method> <!-- teardown -->
      </class> <!-- tests.CreateNewCustomer -->
    </test> <!-- Default test -->
  </suite> <!-- Default suite -->
</testng-results>
